<?xml version="1.0" encoding="UTF-8"?>
<coverage generated="1667847478501" clover="3.2.0">
  <project timestamp="1667847478502" name="All files">
    <metrics statements="83" coveredstatements="75" conditionals="20" coveredconditionals="17" methods="17" coveredmethods="16" elements="120" coveredelements="108" complexity="0" loc="83" ncloc="83" packages="1" files="2" classes="2"/>
    <file name="index.js" path="C:\Rocketseat\Ignite - RocketSeat\middlewares\middlewares-\src\index.js">
      <metrics statements="81" coveredstatements="75" conditionals="20" coveredconditionals="17" methods="17" coveredmethods="16"/>
      <line num="1" count="6" type="stmt"/>
      <line num="2" count="6" type="stmt"/>
      <line num="4" count="6" type="stmt"/>
      <line num="6" count="6" type="stmt"/>
      <line num="7" count="6" type="stmt"/>
      <line num="8" count="6" type="stmt"/>
      <line num="10" count="6" type="stmt"/>
      <line num="13" count="11" type="stmt"/>
      <line num="14" count="42" type="stmt"/>
      <line num="15" count="11" type="cond" truecount="2" falsecount="0"/>
      <line num="16" count="1" type="stmt"/>
      <line num="18" count="10" type="stmt"/>
      <line num="19" count="10" type="stmt"/>
      <line num="24" count="8" type="stmt"/>
      <line num="25" count="8" type="stmt"/>
      <line num="26" count="8" type="cond" truecount="4" falsecount="0"/>
      <line num="27" count="1" type="stmt"/>
      <line num="29" count="7" type="stmt"/>
      <line num="33" count="10" type="stmt"/>
      <line num="34" count="10" type="stmt"/>
      <line num="35" count="36" type="stmt"/>
      <line num="36" count="10" type="cond" truecount="2" falsecount="0"/>
      <line num="37" count="1" type="stmt"/>
      <line num="39" count="9" type="cond" truecount="2" falsecount="0"/>
      <line num="40" count="1" type="stmt"/>
      <line num="42" count="8" type="stmt"/>
      <line num="43" count="8" type="cond" truecount="2" falsecount="0"/>
      <line num="44" count="4" type="stmt"/>
      <line num="46" count="4" type="stmt"/>
      <line num="47" count="4" type="stmt"/>
      <line num="49" count="4" type="stmt"/>
      <line num="55" count="3" type="stmt"/>
      <line num="57" count="4" type="stmt"/>
      <line num="58" count="3" type="cond" truecount="2" falsecount="0"/>
      <line num="59" count="1" type="stmt"/>
      <line num="63" count="2" type="stmt"/>
      <line num="64" count="2" type="stmt"/>
      <line num="68" count="6" type="stmt"/>
      <line num="69" count="12" type="stmt"/>
      <line num="71" count="33" type="stmt"/>
      <line num="73" count="12" type="cond" truecount="2" falsecount="0"/>
      <line num="74" count="1" type="stmt"/>
      <line num="77" count="11" type="stmt"/>
      <line num="85" count="11" type="stmt"/>
      <line num="87" count="11" type="stmt"/>
      <line num="90" count="6" type="stmt"/>
      <line num="91" count="1" type="stmt"/>
      <line num="93" count="1" type="stmt"/>
      <line num="96" count="6" type="stmt"/>
      <line num="97" count="0" type="stmt"/>
      <line num="99" count="0" type="cond" truecount="0" falsecount="2"/>
      <line num="100" count="0" type="stmt"/>
      <line num="103" count="0" type="stmt"/>
      <line num="105" count="0" type="stmt"/>
      <line num="108" count="6" type="stmt"/>
      <line num="109" count="2" type="stmt"/>
      <line num="111" count="2" type="stmt"/>
      <line num="114" count="6" type="stmt"/>
      <line num="115" count="5" type="stmt"/>
      <line num="116" count="5" type="stmt"/>
      <line num="118" count="5" type="stmt"/>
      <line num="126" count="5" type="stmt"/>
      <line num="128" count="5" type="stmt"/>
      <line num="131" count="6" type="stmt"/>
      <line num="132" count="1" type="stmt"/>
      <line num="133" count="1" type="stmt"/>
      <line num="135" count="1" type="stmt"/>
      <line num="136" count="1" type="stmt"/>
      <line num="138" count="1" type="stmt"/>
      <line num="141" count="6" type="stmt"/>
      <line num="142" count="1" type="stmt"/>
      <line num="144" count="1" type="stmt"/>
      <line num="146" count="1" type="stmt"/>
      <line num="149" count="6" type="stmt"/>
      <line num="150" count="1" type="stmt"/>
      <line num="152" count="1" type="stmt"/>
      <line num="154" count="1" type="cond" truecount="1" falsecount="1"/>
      <line num="155" count="0" type="stmt"/>
      <line num="158" count="1" type="stmt"/>
      <line num="160" count="1" type="stmt"/>
      <line num="163" count="6" type="stmt"/>
    </file>
    <file name="server.js" path="C:\Rocketseat\Ignite - RocketSeat\middlewares\middlewares-\src\server.js">
      <metrics statements="2" coveredstatements="0" conditionals="0" coveredconditionals="0" methods="0" coveredmethods="0"/>
      <line num="1" count="0" type="stmt"/>
      <line num="3" count="0" type="stmt"/>
    </file>
  </project>
</coverage>
