{"C:\\Rocketseat\\Ignite - RocketSeat\\middlewares\\middlewares-\\src\\index.js": {"path":"C:\\Rocketseat\\Ignite - RocketSeat\\middlewares\\middlewares-\\src\\index.js","statementMap":{"0":{"start":{"line":1,"column":16},"end":{"line":1,"column":34}},"1":{"start":{"line":2,"column":13},"end":{"line":2,"column":28}},"2":{"start":{"line":4,"column":33},"end":{"line":4,"column":48}},"3":{"start":{"line":6,"column":12},"end":{"line":6,"column":21}},"4":{"start":{"line":7,"column":0},"end":{"line":7,"column":24}},"5":{"start":{"line":8,"column":0},"end":{"line":8,"column":16}},"6":{"start":{"line":10,"column":14},"end":{"line":10,"column":16}},"7":{"start":{"line":13,"column":23},"end":{"line":13,"column":38}},"8":{"start":{"line":14,"column":29},"end":{"line":14,"column":75}},"9":{"start":{"line":14,"column":48},"end":{"line":14,"column":74}},"10":{"start":{"line":15,"column":2},"end":{"line":17,"column":3}},"11":{"start":{"line":16,"column":4},"end":{"line":16,"column":69}},"12":{"start":{"line":18,"column":2},"end":{"line":18,"column":35}},"13":{"start":{"line":19,"column":2},"end":{"line":19,"column":15}},"14":{"start":{"line":24,"column":19},"end":{"line":24,"column":26}},"15":{"start":{"line":25,"column":28},"end":{"line":25,"column":45}},"16":{"start":{"line":26,"column":2},"end":{"line":28,"column":3}},"17":{"start":{"line":27,"column":4},"end":{"line":27,"column":87}},"18":{"start":{"line":29,"column":2},"end":{"line":29,"column":15}},"19":{"start":{"line":33,"column":23},"end":{"line":33,"column":38}},"20":{"start":{"line":34,"column":17},"end":{"line":34,"column":31}},"21":{"start":{"line":35,"column":29},"end":{"line":35,"column":75}},"22":{"start":{"line":35,"column":48},"end":{"line":35,"column":74}},"23":{"start":{"line":36,"column":2},"end":{"line":38,"column":3}},"24":{"start":{"line":37,"column":4},"end":{"line":37,"column":71}},"25":{"start":{"line":39,"column":2},"end":{"line":41,"column":3}},"26":{"start":{"line":40,"column":4},"end":{"line":40,"column":62}},"27":{"start":{"line":42,"column":22},"end":{"line":42,"column":75}},"28":{"start":{"line":42,"column":60},"end":{"line":42,"column":74}},"29":{"start":{"line":43,"column":2},"end":{"line":45,"column":3}},"30":{"start":{"line":44,"column":4},"end":{"line":44,"column":70}},"31":{"start":{"line":46,"column":2},"end":{"line":46,"column":36}},"32":{"start":{"line":47,"column":2},"end":{"line":47,"column":29}},"33":{"start":{"line":49,"column":2},"end":{"line":49,"column":16}},"34":{"start":{"line":55,"column":17},"end":{"line":55,"column":31}},"35":{"start":{"line":57,"column":20},"end":{"line":57,"column":54}},"36":{"start":{"line":57,"column":39},"end":{"line":57,"column":53}},"37":{"start":{"line":58,"column":2},"end":{"line":62,"column":3}},"38":{"start":{"line":59,"column":4},"end":{"line":61,"column":6}},"39":{"start":{"line":63,"column":2},"end":{"line":63,"column":26}},"40":{"start":{"line":64,"column":2},"end":{"line":64,"column":15}},"41":{"start":{"line":68,"column":0},"end":{"line":88,"column":3}},"42":{"start":{"line":69,"column":29},"end":{"line":69,"column":41}},"43":{"start":{"line":71,"column":32},"end":{"line":71,"column":80}},"44":{"start":{"line":71,"column":53},"end":{"line":71,"column":79}},"45":{"start":{"line":73,"column":2},"end":{"line":75,"column":3}},"46":{"start":{"line":74,"column":4},"end":{"line":74,"column":75}},"47":{"start":{"line":77,"column":15},"end":{"line":83,"column":3}},"48":{"start":{"line":85,"column":2},"end":{"line":85,"column":19}},"49":{"start":{"line":87,"column":2},"end":{"line":87,"column":41}},"50":{"start":{"line":90,"column":0},"end":{"line":94,"column":3}},"51":{"start":{"line":91,"column":19},"end":{"line":91,"column":26}},"52":{"start":{"line":93,"column":2},"end":{"line":93,"column":29}},"53":{"start":{"line":96,"column":0},"end":{"line":106,"column":3}},"54":{"start":{"line":97,"column":19},"end":{"line":97,"column":26}},"55":{"start":{"line":99,"column":2},"end":{"line":101,"column":3}},"56":{"start":{"line":100,"column":4},"end":{"line":100,"column":82}},"57":{"start":{"line":103,"column":2},"end":{"line":103,"column":18}},"58":{"start":{"line":105,"column":2},"end":{"line":105,"column":29}},"59":{"start":{"line":108,"column":0},"end":{"line":112,"column":3}},"60":{"start":{"line":109,"column":19},"end":{"line":109,"column":26}},"61":{"start":{"line":111,"column":2},"end":{"line":111,"column":35}},"62":{"start":{"line":114,"column":0},"end":{"line":129,"column":3}},"63":{"start":{"line":115,"column":30},"end":{"line":115,"column":42}},"64":{"start":{"line":116,"column":19},"end":{"line":116,"column":26}},"65":{"start":{"line":118,"column":18},"end":{"line":124,"column":3}},"66":{"start":{"line":126,"column":2},"end":{"line":126,"column":27}},"67":{"start":{"line":128,"column":2},"end":{"line":128,"column":44}},"68":{"start":{"line":131,"column":0},"end":{"line":139,"column":3}},"69":{"start":{"line":132,"column":30},"end":{"line":132,"column":42}},"70":{"start":{"line":133,"column":19},"end":{"line":133,"column":26}},"71":{"start":{"line":135,"column":2},"end":{"line":135,"column":21}},"72":{"start":{"line":136,"column":2},"end":{"line":136,"column":37}},"73":{"start":{"line":138,"column":2},"end":{"line":138,"column":29}},"74":{"start":{"line":141,"column":0},"end":{"line":147,"column":3}},"75":{"start":{"line":142,"column":19},"end":{"line":142,"column":26}},"76":{"start":{"line":144,"column":2},"end":{"line":144,"column":19}},"77":{"start":{"line":146,"column":2},"end":{"line":146,"column":29}},"78":{"start":{"line":149,"column":0},"end":{"line":161,"column":3}},"79":{"start":{"line":150,"column":25},"end":{"line":150,"column":32}},"80":{"start":{"line":152,"column":20},"end":{"line":152,"column":44}},"81":{"start":{"line":154,"column":2},"end":{"line":156,"column":3}},"82":{"start":{"line":155,"column":4},"end":{"line":155,"column":66}},"83":{"start":{"line":158,"column":2},"end":{"line":158,"column":34}},"84":{"start":{"line":160,"column":2},"end":{"line":160,"column":37}},"85":{"start":{"line":163,"column":0},"end":{"line":170,"column":2}}},"fnMap":{"0":{"name":"checksExistsUserAccount","decl":{"start":{"line":12,"column":9},"end":{"line":12,"column":32}},"loc":{"start":{"line":12,"column":58},"end":{"line":21,"column":1}},"line":12},"1":{"name":"(anonymous_1)","decl":{"start":{"line":14,"column":40},"end":{"line":14,"column":41}},"loc":{"start":{"line":14,"column":48},"end":{"line":14,"column":74}},"line":14},"2":{"name":"checksCreateTodosUserAvailability","decl":{"start":{"line":23,"column":9},"end":{"line":23,"column":42}},"loc":{"start":{"line":23,"column":68},"end":{"line":30,"column":1}},"line":23},"3":{"name":"checksTodoExists","decl":{"start":{"line":32,"column":9},"end":{"line":32,"column":25}},"loc":{"start":{"line":32,"column":51},"end":{"line":52,"column":1}},"line":32},"4":{"name":"(anonymous_4)","decl":{"start":{"line":35,"column":40},"end":{"line":35,"column":41}},"loc":{"start":{"line":35,"column":48},"end":{"line":35,"column":74}},"line":35},"5":{"name":"(anonymous_5)","decl":{"start":{"line":42,"column":52},"end":{"line":42,"column":53}},"loc":{"start":{"line":42,"column":60},"end":{"line":42,"column":74}},"line":42},"6":{"name":"findUserById","decl":{"start":{"line":54,"column":9},"end":{"line":54,"column":21}},"loc":{"start":{"line":54,"column":47},"end":{"line":66,"column":1}},"line":54},"7":{"name":"(anonymous_7)","decl":{"start":{"line":57,"column":31},"end":{"line":57,"column":32}},"loc":{"start":{"line":57,"column":39},"end":{"line":57,"column":53}},"line":57},"8":{"name":"(anonymous_8)","decl":{"start":{"line":68,"column":19},"end":{"line":68,"column":20}},"loc":{"start":{"line":68,"column":42},"end":{"line":88,"column":1}},"line":68},"9":{"name":"(anonymous_9)","decl":{"start":{"line":71,"column":43},"end":{"line":71,"column":44}},"loc":{"start":{"line":71,"column":53},"end":{"line":71,"column":79}},"line":71},"10":{"name":"(anonymous_10)","decl":{"start":{"line":90,"column":36},"end":{"line":90,"column":37}},"loc":{"start":{"line":90,"column":59},"end":{"line":94,"column":1}},"line":90},"11":{"name":"(anonymous_11)","decl":{"start":{"line":96,"column":42},"end":{"line":96,"column":43}},"loc":{"start":{"line":96,"column":65},"end":{"line":106,"column":1}},"line":96},"12":{"name":"(anonymous_12)","decl":{"start":{"line":108,"column":43},"end":{"line":108,"column":44}},"loc":{"start":{"line":108,"column":66},"end":{"line":112,"column":1}},"line":108},"13":{"name":"(anonymous_13)","decl":{"start":{"line":114,"column":79},"end":{"line":114,"column":80}},"loc":{"start":{"line":114,"column":102},"end":{"line":129,"column":1}},"line":114},"14":{"name":"(anonymous_14)","decl":{"start":{"line":131,"column":40},"end":{"line":131,"column":41}},"loc":{"start":{"line":131,"column":63},"end":{"line":139,"column":1}},"line":131},"15":{"name":"(anonymous_15)","decl":{"start":{"line":141,"column":47},"end":{"line":141,"column":48}},"loc":{"start":{"line":141,"column":70},"end":{"line":147,"column":1}},"line":141},"16":{"name":"(anonymous_16)","decl":{"start":{"line":149,"column":68},"end":{"line":149,"column":69}},"loc":{"start":{"line":149,"column":91},"end":{"line":161,"column":1}},"line":149}},"branchMap":{"0":{"loc":{"start":{"line":15,"column":2},"end":{"line":17,"column":3}},"type":"if","locations":[{"start":{"line":15,"column":2},"end":{"line":17,"column":3}},{"start":{"line":15,"column":2},"end":{"line":17,"column":3}}],"line":15},"1":{"loc":{"start":{"line":26,"column":2},"end":{"line":28,"column":3}},"type":"if","locations":[{"start":{"line":26,"column":2},"end":{"line":28,"column":3}},{"start":{"line":26,"column":2},"end":{"line":28,"column":3}}],"line":26},"2":{"loc":{"start":{"line":26,"column":6},"end":{"line":26,"column":42}},"type":"binary-expr","locations":[{"start":{"line":26,"column":6},"end":{"line":26,"column":15}},{"start":{"line":26,"column":19},"end":{"line":26,"column":42}}],"line":26},"3":{"loc":{"start":{"line":36,"column":2},"end":{"line":38,"column":3}},"type":"if","locations":[{"start":{"line":36,"column":2},"end":{"line":38,"column":3}},{"start":{"line":36,"column":2},"end":{"line":38,"column":3}}],"line":36},"4":{"loc":{"start":{"line":39,"column":2},"end":{"line":41,"column":3}},"type":"if","locations":[{"start":{"line":39,"column":2},"end":{"line":41,"column":3}},{"start":{"line":39,"column":2},"end":{"line":41,"column":3}}],"line":39},"5":{"loc":{"start":{"line":43,"column":2},"end":{"line":45,"column":3}},"type":"if","locations":[{"start":{"line":43,"column":2},"end":{"line":45,"column":3}},{"start":{"line":43,"column":2},"end":{"line":45,"column":3}}],"line":43},"6":{"loc":{"start":{"line":58,"column":2},"end":{"line":62,"column":3}},"type":"if","locations":[{"start":{"line":58,"column":2},"end":{"line":62,"column":3}},{"start":{"line":58,"column":2},"end":{"line":62,"column":3}}],"line":58},"7":{"loc":{"start":{"line":73,"column":2},"end":{"line":75,"column":3}},"type":"if","locations":[{"start":{"line":73,"column":2},"end":{"line":75,"column":3}},{"start":{"line":73,"column":2},"end":{"line":75,"column":3}}],"line":73},"8":{"loc":{"start":{"line":99,"column":2},"end":{"line":101,"column":3}},"type":"if","locations":[{"start":{"line":99,"column":2},"end":{"line":101,"column":3}},{"start":{"line":99,"column":2},"end":{"line":101,"column":3}}],"line":99},"9":{"loc":{"start":{"line":154,"column":2},"end":{"line":156,"column":3}},"type":"if","locations":[{"start":{"line":154,"column":2},"end":{"line":156,"column":3}},{"start":{"line":154,"column":2},"end":{"line":156,"column":3}}],"line":154}},"s":{"0":6,"1":6,"2":6,"3":6,"4":6,"5":6,"6":6,"7":11,"8":11,"9":42,"10":11,"11":1,"12":10,"13":10,"14":8,"15":8,"16":8,"17":1,"18":7,"19":10,"20":10,"21":10,"22":36,"23":10,"24":1,"25":9,"26":1,"27":8,"28":4,"29":8,"30":4,"31":4,"32":4,"33":4,"34":3,"35":3,"36":4,"37":3,"38":1,"39":2,"40":2,"41":6,"42":12,"43":12,"44":33,"45":12,"46":1,"47":11,"48":11,"49":11,"50":6,"51":1,"52":1,"53":6,"54":0,"55":0,"56":0,"57":0,"58":0,"59":6,"60":2,"61":2,"62":6,"63":5,"64":5,"65":5,"66":5,"67":5,"68":6,"69":1,"70":1,"71":1,"72":1,"73":1,"74":6,"75":1,"76":1,"77":1,"78":6,"79":1,"80":1,"81":1,"82":0,"83":1,"84":1,"85":6},"f":{"0":11,"1":42,"2":8,"3":10,"4":36,"5":4,"6":3,"7":4,"8":12,"9":33,"10":1,"11":0,"12":2,"13":5,"14":1,"15":1,"16":1},"b":{"0":[1,10],"1":[1,7],"2":[8,7],"3":[1,9],"4":[1,8],"5":[4,4],"6":[1,2],"7":[1,11],"8":[0,0],"9":[0,1]},"_coverageSchema":"1a1c01bbd47fc00a2c39e90264f33305004495a9","hash":"488aece3f1e0d60ae9d34a386c0cc9dd648d0fec"}
,"C:\\Rocketseat\\Ignite - RocketSeat\\middlewares\\middlewares-\\src\\server.js": {"path":"C:\\Rocketseat\\Ignite - RocketSeat\\middlewares\\middlewares-\\src\\server.js","statementMap":{"0":{"start":{"line":1,"column":16},"end":{"line":1,"column":29}},"1":{"start":{"line":3,"column":0},"end":{"line":3,"column":17}}},"fnMap":{},"branchMap":{},"s":{"0":0,"1":0},"f":{},"b":{}}
}
