TN:
SF:src\index.js
FN:12,checksExistsUserAccount
FN:14,(anonymous_1)
FN:23,checksCreateTodosUserAvailability
FN:32,checksTodoExists
FN:35,(anonymous_4)
FN:42,(anonymous_5)
FN:54,findUserById
FN:57,(anonymous_7)
FN:68,(anonymous_8)
FN:71,(anonymous_9)
FN:90,(anonymous_10)
FN:96,(anonymous_11)
FN:108,(anonymous_12)
FN:114,(anonymous_13)
FN:131,(anonymous_14)
FN:141,(anonymous_15)
FN:149,(anonymous_16)
FNF:17
FNH:16
FNDA:11,checksExistsUserAccount
FNDA:42,(anonymous_1)
FNDA:8,checksCreateTodosUserAvailability
FNDA:10,checksTodoExists
FNDA:36,(anonymous_4)
FNDA:4,(anonymous_5)
FNDA:3,findUserById
FNDA:4,(anonymous_7)
FNDA:12,(anonymous_8)
FNDA:33,(anonymous_9)
FNDA:1,(anonymous_10)
FNDA:0,(anonymous_11)
FNDA:2,(anonymous_12)
FNDA:5,(anonymous_13)
FNDA:1,(anonymous_14)
FNDA:1,(anonymous_15)
FNDA:1,(anonymous_16)
DA:1,6
DA:2,6
DA:4,6
DA:6,6
DA:7,6
DA:8,6
DA:10,6
DA:13,11
DA:14,42
DA:15,11
DA:16,1
DA:18,10
DA:19,10
DA:24,8
DA:25,8
DA:26,8
DA:27,1
DA:29,7
DA:33,10
DA:34,10
DA:35,36
DA:36,10
DA:37,1
DA:39,9
DA:40,1
DA:42,8
DA:43,8
DA:44,4
DA:46,4
DA:47,4
DA:49,4
DA:55,3
DA:57,4
DA:58,3
DA:59,1
DA:63,2
DA:64,2
DA:68,6
DA:69,12
DA:71,33
DA:73,12
DA:74,1
DA:77,11
DA:85,11
DA:87,11
DA:90,6
DA:91,1
DA:93,1
DA:96,6
DA:97,0
DA:99,0
DA:100,0
DA:103,0
DA:105,0
DA:108,6
DA:109,2
DA:111,2
DA:114,6
DA:115,5
DA:116,5
DA:118,5
DA:126,5
DA:128,5
DA:131,6
DA:132,1
DA:133,1
DA:135,1
DA:136,1
DA:138,1
DA:141,6
DA:142,1
DA:144,1
DA:146,1
DA:149,6
DA:150,1
DA:152,1
DA:154,1
DA:155,0
DA:158,1
DA:160,1
DA:163,6
LF:81
LH:75
BRDA:15,0,0,1
BRDA:15,0,1,10
BRDA:26,1,0,1
BRDA:26,1,1,7
BRDA:26,2,0,8
BRDA:26,2,1,7
BRDA:36,3,0,1
BRDA:36,3,1,9
BRDA:39,4,0,1
BRDA:39,4,1,8
BRDA:43,5,0,4
BRDA:43,5,1,4
BRDA:58,6,0,1
BRDA:58,6,1,2
BRDA:73,7,0,1
BRDA:73,7,1,11
BRDA:99,8,0,0
BRDA:99,8,1,0
BRDA:154,9,0,0
BRDA:154,9,1,1
BRF:20
BRH:17
end_of_record
TN:
SF:src\server.js
FNF:0
FNH:0
DA:1,0
DA:3,0
LF:2
LH:0
BRF:0
BRH:0
end_of_record
